[0.156s] Invoking command in '/home/jiu/OPENCV_WS/build/my_ros2_opencv_pkg': CMAKE_PREFIX_PATH=${CMAKE_PREFIX_PATH}:/opt/ros/galactic /usr/bin/cmake --build /home/jiu/OPENCV_WS/build/my_ros2_opencv_pkg -- -j16 -l16
[0.209s] [35m[1mScanning dependencies of target ros2_opencv[0m
[0.244s] [ 50%] [32mBuilding CXX object CMakeFiles/ros2_opencv.dir/src/ros2_opencv.cpp.o[0m
[2.623s] [100%] [32m[1mLinking CXX executable ros2_opencv[0m
[2.757s] [100%] Built target ros2_opencv
[2.764s] Invoked command in '/home/jiu/OPENCV_WS/build/my_ros2_opencv_pkg' returned '0': CMAKE_PREFIX_PATH=${CMAKE_PREFIX_PATH}:/opt/ros/galactic /usr/bin/cmake --build /home/jiu/OPENCV_WS/build/my_ros2_opencv_pkg -- -j16 -l16
[2.806s] Invoking command in '/home/jiu/OPENCV_WS/build/my_ros2_opencv_pkg': CMAKE_PREFIX_PATH=${CMAKE_PREFIX_PATH}:/opt/ros/galactic /usr/bin/cmake --install /home/jiu/OPENCV_WS/build/my_ros2_opencv_pkg
[2.811s] -- Install configuration: ""
[2.811s] -- Installing: /home/jiu/OPENCV_WS/install/my_ros2_opencv_pkg/lib/my_ros2_opencv_pkg/ros2_opencv
[2.812s] -- Set runtime path of "/home/jiu/OPENCV_WS/install/my_ros2_opencv_pkg/lib/my_ros2_opencv_pkg/ros2_opencv" to ""
[2.812s] -- Up-to-date: /home/jiu/OPENCV_WS/install/my_ros2_opencv_pkg/share/ament_index/resource_index/package_run_dependencies/my_ros2_opencv_pkg
[2.812s] -- Up-to-date: /home/jiu/OPENCV_WS/install/my_ros2_opencv_pkg/share/ament_index/resource_index/parent_prefix_path/my_ros2_opencv_pkg
[2.812s] -- Up-to-date: /home/jiu/OPENCV_WS/install/my_ros2_opencv_pkg/share/my_ros2_opencv_pkg/environment/ament_prefix_path.sh
[2.812s] -- Up-to-date: /home/jiu/OPENCV_WS/install/my_ros2_opencv_pkg/share/my_ros2_opencv_pkg/environment/ament_prefix_path.dsv
[2.812s] -- Up-to-date: /home/jiu/OPENCV_WS/install/my_ros2_opencv_pkg/share/my_ros2_opencv_pkg/environment/path.sh
[2.812s] -- Up-to-date: /home/jiu/OPENCV_WS/install/my_ros2_opencv_pkg/share/my_ros2_opencv_pkg/environment/path.dsv
[2.812s] -- Up-to-date: /home/jiu/OPENCV_WS/install/my_ros2_opencv_pkg/share/my_ros2_opencv_pkg/local_setup.bash
[2.812s] -- Up-to-date: /home/jiu/OPENCV_WS/install/my_ros2_opencv_pkg/share/my_ros2_opencv_pkg/local_setup.sh
[2.812s] -- Up-to-date: /home/jiu/OPENCV_WS/install/my_ros2_opencv_pkg/share/my_ros2_opencv_pkg/local_setup.zsh
[2.812s] -- Up-to-date: /home/jiu/OPENCV_WS/install/my_ros2_opencv_pkg/share/my_ros2_opencv_pkg/local_setup.dsv
[2.812s] -- Installing: /home/jiu/OPENCV_WS/install/my_ros2_opencv_pkg/share/my_ros2_opencv_pkg/package.dsv
[2.813s] -- Up-to-date: /home/jiu/OPENCV_WS/install/my_ros2_opencv_pkg/share/ament_index/resource_index/packages/my_ros2_opencv_pkg
[2.813s] -- Up-to-date: /home/jiu/OPENCV_WS/install/my_ros2_opencv_pkg/share/my_ros2_opencv_pkg/cmake/my_ros2_opencv_pkgConfig.cmake
[2.813s] -- Up-to-date: /home/jiu/OPENCV_WS/install/my_ros2_opencv_pkg/share/my_ros2_opencv_pkg/cmake/my_ros2_opencv_pkgConfig-version.cmake
[2.813s] -- Up-to-date: /home/jiu/OPENCV_WS/install/my_ros2_opencv_pkg/share/my_ros2_opencv_pkg/package.xml
[2.813s] Invoked command in '/home/jiu/OPENCV_WS/build/my_ros2_opencv_pkg' returned '0': CMAKE_PREFIX_PATH=${CMAKE_PREFIX_PATH}:/opt/ros/galactic /usr/bin/cmake --install /home/jiu/OPENCV_WS/build/my_ros2_opencv_pkg
